<?xml version="1.0" encoding="UTF-8"?>
<testsuites>
  <testsuite name="" tests="5" assertions="5" errors="0" warnings="0" failures="0" skipped="0" time="0.186278">
    <testsuite name="test1" tests="2" assertions="2" errors="0" warnings="0" failures="0" skipped="0" time="0.185621">
      <testsuite name="Tests\Tests1\FirstTest" file="/app/tests1/FirstTest.php" tests="2" assertions="2" errors="0" warnings="0" failures="0" skipped="0" time="0.184274">
        <testcase name="testFakeFirst" class="Tests\Tests1\FirstTest" classname="Tests.Tests1.FirstTest" file="/app/tests1/FirstTest.php" line="9" assertions="1" time="0.184274"/>
        <testcase name="secondTakeOnFirstTest" class="Tests\Tests1\FirstTest" classname="Tests.Tests1.FirstTest" file="/app/tests1/FirstTest.php" line="11" assertions="1" time="0"/>
      </testsuite>
      <testsuite name="Tests\Tests1\SecondTest" file="/app/tests1/SecondTest.php" tests="1" assertions="1" errors="0" warnings="0" failures="0" skipped="0" time="0.001347">
        <testcase name="testFakeSecond" class="Tests\Tests1\SecondTest" classname="Tests.Tests1.SecondTest" file="/app/tests1/SecondTest.php" line="9" assertions="1" time="0.001347"/>
      </testsuite>
    </testsuite>
    <testsuite name="test2" tests="2" assertions="2" errors="0" warnings="0" failures="0" skipped="0" time="0.000657">
      <testsuite name="Tests\Tests2\FirstTest" file="/app/tests2/FirstTest.php" tests="1" assertions="1" errors="0" warnings="0" failures="0" skipped="0" time="0.000146">
        <testcase name="testFakeFirst" class="Tests\Tests2\FirstTest" classname="Tests.Tests2.FirstTest" file="/app/tests2/FirstTest.php" line="9" assertions="1" time="0.000146"/>
      </testsuite>
      <testsuite name="Tests\Tests2\SecondTest" file="/app/tests2/SecondTest.php" tests="1" assertions="1" errors="0" warnings="0" failures="0" skipped="0" time="0.000510">
        <testcase name="testFakeSecond" class="Tests\Tests2\SecondTest" classname="Tests.Tests2.SecondTest" file="/app/tests2/SecondTest.php" line="9" assertions="1" time="0.000510"/>
      </testsuite>
    </testsuite>
  </testsuite>
</testsuites>
